<?xml version="1.0"?>
<testsuite name="HeadlessChrome 78.0.3904 (Linux 0.0.0)" package="unit" timestamp="2021-10-28T13:44:24" id="0" hostname="workspacek6a945km37oo2j53.ws-88dbfb69f-2cw4s" tests="6" errors="1" failures="6" time="0.287">
  <properties>
    <property name="browser.fullName" value="Mozilla/5.0 (X11; Linux x86_64) AppleWebKit/537.36 (KHTML, like Gecko) HeadlessChrome/78.0.3904.108 Safari/537.36"/>
  </properties>
  <testcase name="AppComponent Initial UI is rendered as expected" time="0.084" classname=".AppComponent">
    <failure type="">Error: Expected &lt;input _ngcontent-a-c42 data-test-id="app-input-time" type="number" placeholder="Total Time"&gt; to be falsy.
    at &lt;Jasmine&gt;
    at http://localhost:9876/_karma_webpack_/src/app/app.component.spec.ts:85:25
    at &lt;Jasmine&gt;
    at fulfilled (http://localhost:9876/_karma_webpack_/node_modules/tslib/tslib.es6.js:71:42)
</failure>
  </testcase>
  <testcase name="AppComponent Clicking on type Book and Add button should add the item to the Book list" time="0.114" classname=".AppComponent">
    <failure type="">TypeError: Cannot read property 'innerHTML' of null
    at &lt;Jasmine&gt;
    at http://localhost:9876/_karma_webpack_/src/app/app.component.spec.ts:126:50
    at &lt;Jasmine&gt;
    at fulfilled (http://localhost:9876/_karma_webpack_/node_modules/tslib/tslib.es6.js:71:42)
    at ZoneDelegate.invoke (http://localhost:9876/_karma_webpack_/node_modules/zone.js/dist/zone-evergreen.js:364:1)
    at ProxyZoneSpec.push../node_modules/zone.js/dist/zone-testing.js.ProxyZoneSpec.onInvoke (http://localhost:9876/_karma_webpack_/node_modules/zone.js/dist/zone-testing.js:292:1)
    at ZoneDelegate.invoke (http://localhost:9876/_karma_webpack_/node_modules/zone.js/dist/zone-evergreen.js:363:1)
    at Zone.run (http://localhost:9876/_karma_webpack_/node_modules/zone.js/dist/zone-evergreen.js:123:1)
    at http://localhost:9876/_karma_webpack_/node_modules/zone.js/dist/zone-evergreen.js:857:1
    at ZoneDelegate.invokeTask (http://localhost:9876/_karma_webpack_/node_modules/zone.js/dist/zone-evergreen.js:399:1)
    at ProxyZoneSpec.push../node_modules/zone.js/dist/zone-testing.js.ProxyZoneSpec.onInvokeTask (http://localhost:9876/_karma_webpack_/node_modules/zone.js/dist/zone-testing.js:323:1)
</failure>
  </testcase>
  <testcase name="AppComponent Clicking on Song type should render time input" time="0.037" classname=".AppComponent">
    <failure type="">Error: Expected &lt;input _ngcontent-a-c42 data-test-id="app-input-time" type="number" placeholder="Total Time"&gt; to be falsy.
    at &lt;Jasmine&gt;
    at http://localhost:9876/_karma_webpack_/src/app/app.component.spec.ts:99:25
    at &lt;Jasmine&gt;
    at fulfilled (http://localhost:9876/_karma_webpack_/node_modules/tslib/tslib.es6.js:71:42)
</failure>
  </testcase>
  <testcase name="AppComponent Clicking on type Song and Add button should clear the input fields" time="0.017" classname=".AppComponent">
    <failure type="">Error: Expected 'Rock On' to be falsy.
    at &lt;Jasmine&gt;
    at http://localhost:9876/_karma_webpack_/src/app/app.component.spec.ts:174:29
    at &lt;Jasmine&gt;
    at fulfilled (http://localhost:9876/_karma_webpack_/node_modules/tslib/tslib.es6.js:71:42)
</failure>
    <failure type="">Error: Expected 'Rock' to be falsy.
    at &lt;Jasmine&gt;
    at http://localhost:9876/_karma_webpack_/src/app/app.component.spec.ts:175:30
    at &lt;Jasmine&gt;
    at fulfilled (http://localhost:9876/_karma_webpack_/node_modules/tslib/tslib.es6.js:71:42)
</failure>
    <failure type="">Error: Expected 'Jay' to be falsy.
    at &lt;Jasmine&gt;
    at http://localhost:9876/_karma_webpack_/src/app/app.component.spec.ts:176:32
    at &lt;Jasmine&gt;
    at fulfilled (http://localhost:9876/_karma_webpack_/node_modules/tslib/tslib.es6.js:71:42)
</failure>
    <failure type="">Error: Expected &lt;input _ngcontent-a-c42 data-test-id="app-input-time" type="number" placeholder="Total Time"&gt; to be falsy.
    at &lt;Jasmine&gt;
    at http://localhost:9876/_karma_webpack_/src/app/app.component.spec.ts:177:23
    at &lt;Jasmine&gt;
    at fulfilled (http://localhost:9876/_karma_webpack_/node_modules/tslib/tslib.es6.js:71:42)
</failure>
  </testcase>
  <testcase name="AppComponent Clicking on type Song and Add button should add the item to the Song list" time="0.018" classname=".AppComponent">
    <failure type="">TypeError: Cannot read property 'innerHTML' of null
    at &lt;Jasmine&gt;
    at http://localhost:9876/_karma_webpack_/src/app/app.component.spec.ts:148:50
    at &lt;Jasmine&gt;
    at fulfilled (http://localhost:9876/_karma_webpack_/node_modules/tslib/tslib.es6.js:71:42)
    at ZoneDelegate.invoke (http://localhost:9876/_karma_webpack_/node_modules/zone.js/dist/zone-evergreen.js:364:1)
    at ProxyZoneSpec.push../node_modules/zone.js/dist/zone-testing.js.ProxyZoneSpec.onInvoke (http://localhost:9876/_karma_webpack_/node_modules/zone.js/dist/zone-testing.js:292:1)
    at ZoneDelegate.invoke (http://localhost:9876/_karma_webpack_/node_modules/zone.js/dist/zone-evergreen.js:363:1)
    at Zone.run (http://localhost:9876/_karma_webpack_/node_modules/zone.js/dist/zone-evergreen.js:123:1)
    at http://localhost:9876/_karma_webpack_/node_modules/zone.js/dist/zone-evergreen.js:857:1
    at ZoneDelegate.invokeTask (http://localhost:9876/_karma_webpack_/node_modules/zone.js/dist/zone-evergreen.js:399:1)
    at ProxyZoneSpec.push../node_modules/zone.js/dist/zone-testing.js.ProxyZoneSpec.onInvokeTask (http://localhost:9876/_karma_webpack_/node_modules/zone.js/dist/zone-testing.js:323:1)
</failure>
  </testcase>
  <testcase name="AppComponent Perform a series of operations including delete" time="0.017" classname=".AppComponent">
    <failure type="">TypeError: Cannot read property 'innerHTML' of null
    at &lt;Jasmine&gt;
    at http://localhost:9876/_karma_webpack_/src/app/app.component.spec.ts:234:51
    at &lt;Jasmine&gt;
    at fulfilled (http://localhost:9876/_karma_webpack_/node_modules/tslib/tslib.es6.js:71:42)
    at ZoneDelegate.invoke (http://localhost:9876/_karma_webpack_/node_modules/zone.js/dist/zone-evergreen.js:364:1)
    at ProxyZoneSpec.push../node_modules/zone.js/dist/zone-testing.js.ProxyZoneSpec.onInvoke (http://localhost:9876/_karma_webpack_/node_modules/zone.js/dist/zone-testing.js:292:1)
    at ZoneDelegate.invoke (http://localhost:9876/_karma_webpack_/node_modules/zone.js/dist/zone-evergreen.js:363:1)
    at Zone.run (http://localhost:9876/_karma_webpack_/node_modules/zone.js/dist/zone-evergreen.js:123:1)
    at http://localhost:9876/_karma_webpack_/node_modules/zone.js/dist/zone-evergreen.js:857:1
    at ZoneDelegate.invokeTask (http://localhost:9876/_karma_webpack_/node_modules/zone.js/dist/zone-evergreen.js:399:1)
    at ProxyZoneSpec.push../node_modules/zone.js/dist/zone-testing.js.ProxyZoneSpec.onInvokeTask (http://localhost:9876/_karma_webpack_/node_modules/zone.js/dist/zone-testing.js:323:1)
</failure>
  </testcase>
  <system-out>
    <![CDATA[
]]>
  </system-out>
  <system-err/>
</testsuite>